<?xml version="1.0" encoding="UTF-8"?>
<testsuite xmlns:xsi="http://www.w3.org/2001/XMLSchema-instance" xsi:noNamespaceSchemaLocation="https://maven.apache.org/surefire/maven-surefire-plugin/xsd/surefire-test-report-3.0.xsd" version="3.0" name="TestSuite" time="11.657" tests="2" errors="0" skipped="0" failures="0">
  <properties>
[...]
</properties>
  <testcase name="loginDDT[invalidEmail, invalidPassword](1)" classname="comLuma.testCases.TC_LoginDDT" time="1.425">
    <system-err><![CDATA[SLF4J: Failed to load class "org.slf4j.impl.StaticLoggerBinder".
SLF4J: Defaulting to no-operation (NOP) logger implementation
SLF4J: See http://www.slf4j.org/codes.html#StaticLoggerBinder for further details.
Jan 09, 2024 1:31:00 PM comLuma.testCases.TC_LoginDDT loginDDT
INFO: User name provided
Jan 09, 2024 1:31:00 PM comLuma.testCases.TC_LoginDDT loginDDT
INFO: Password provided
]]></system-err>
  </testcase>
  <testcase name="loginDDT[denisa@gmail.com, test123!](2)" classname="comLuma.testCases.TC_LoginDDT" time="5.047">
    <system-err><![CDATA[Jan 09, 2024 1:31:01 PM comLuma.testCases.TC_LoginDDT loginDDT
INFO: User name provided
Jan 09, 2024 1:31:01 PM comLuma.testCases.TC_LoginDDT loginDDT
INFO: Password provided
]]></system-err>
  </testcase>
</testsuite>