<?xml version="1.0" encoding="UTF-8"?>
<testng-results ignored="0" total="2" passed="2" failed="0" skipped="0">
  <reporter-output>
  </reporter-output>
  <suite started-at="2024-01-09T13:30:55 EET" name="All Test Suite" finished-at="2024-01-09T13:31:06 EET" duration-ms="10698">
    <groups>
    </groups>
    <test started-at="2024-01-09T13:30:55 EET" name="C:\Users\dennm\repos\LumaSelenium" finished-at="2024-01-09T13:31:06 EET" duration-ms="10698">
      <class name="comLuma.testCases.TC_LoginDDT">
        <test-method is-config="true" signature="setup(java.lang.String)[pri:0, instance:comLuma.testCases.TC_LoginDDT@5c33f1a9]" started-at="2024-01-09T13:30:55 EET" name="setup" finished-at="2024-01-09T13:30:58 EET" duration-ms="2923" status="PASS">
          <params>
            <param index="0">
              <value>
                <![CDATA[chrome]]>
              </value>
            </param>
          </params>
          <reporter-output>
          </reporter-output>
        </test-method> <!-- setup -->
        <test-method signature="loginDDT(java.lang.String,java.lang.String)[pri:0, instance:comLuma.testCases.TC_LoginDDT@5c33f1a9]" started-at="2024-01-09T13:30:59 EET" name="loginDDT" data-provider="LoginData" finished-at="2024-01-09T13:31:00 EET" duration-ms="1408" status="PASS">
          <params>
            <param index="0">
              <value>
                <![CDATA[invalidEmail]]>
              </value>
            </param>
            <param index="1">
              <value>
                <![CDATA[invalidPassword]]>
              </value>
            </param>
          </params>
          <reporter-output>
          </reporter-output>
        </test-method> <!-- loginDDT -->
        <test-method signature="loginDDT(java.lang.String,java.lang.String)[pri:0, instance:comLuma.testCases.TC_LoginDDT@5c33f1a9]" started-at="2024-01-09T13:31:00 EET" name="loginDDT" data-provider="LoginData" finished-at="2024-01-09T13:31:05 EET" duration-ms="5047" status="PASS">
          <params>
            <param index="0">
              <value>
                <![CDATA[denisa@gmail.com]]>
              </value>
            </param>
            <param index="1">
              <value>
                <![CDATA[test123!]]>
              </value>
            </param>
          </params>
          <reporter-output>
          </reporter-output>
        </test-method> <!-- loginDDT -->
        <test-method is-config="true" signature="tearDown()[pri:0, instance:comLuma.testCases.TC_LoginDDT@5c33f1a9]" started-at="2024-01-09T13:31:05 EET" name="tearDown" finished-at="2024-01-09T13:31:05 EET" duration-ms="208" status="PASS">
          <reporter-output>
          </reporter-output>
        </test-method> <!-- tearDown -->
      </class> <!-- comLuma.testCases.TC_LoginDDT -->
    </test> <!-- C:\Users\dennm\repos\LumaSelenium -->
  </suite> <!-- All Test Suite -->
</testng-results>
